

HI-TECH Software PIC Macro Assembler V9.83 build 10920 
                                                                                                           Wed Dec 07 17:41:31 2016


     1                           
     2                           	; HI-TECH C Compiler for PIC10/12/16 MCUs V9.83
     3                           	; Copyright (C) 1984-2011 HI-TECH Software
     4                           
     5                           	; Auto-generated runtime startup code for final link stage.
     6                           
     7                           	;
     8                           	; Compiler options:
     9                           	;
    10                           	; -oonoff_12V.cof -monoff_12V.map --summary=default --output=default \
    11                           	; onoff.p1 --chip=12F675 -P --runtime=default \
    12                           	; --opt=default,+asm,-debug,-speed,+space,9 --warn=0 --addrqual=ignore \
    13                           	; -D_LEGACY_HEADERS -g --asmlist --errformat=Error   [%n] %f; %l.%c %s \
    14                           	; --msgformat=Advisory[%n] %s --warnformat=Warning [%n] %f; %l.%c %s
    15                           	;
    16                           
    17                           
    18                           	processor	12F675
    19                           
    20                           	global	_main,start,_exit,reset_vec
    21                           	fnroot	_main
    22                           	psect	config,class=CONFIG,delta=2
    23                           	psect	idloc,class=IDLOC,delta=2
    24                           	psect	code,class=CODE,delta=2
    25                           	psect	powerup,class=CODE,delta=2
    26                           	psect	reset_vec,class=CODE,delta=2
    27                           	psect	maintext,class=CODE,delta=2
    28  0000                     	C	set	0
    29  0002                     	Z	set	2
    30  0002                     	PCL	set	2
    31  0000                     	INDF	set	0
    32                           
    33  0090                     	OSCCAL	equ	0x90
    34                           	psect	osccal,class=CODE,delta=2
    35                           global ___osccal_val
    36  03FF                     ___osccal_val:
    37                           	;oscillator constant would be pre-programmed here
    38  0003                     	STATUS	equ	3
    39  000A                     	PCLATH	equ	0Ah
    40                           
    41                           	psect	eeprom_data,class=EEDATA,delta=2,space=2
    42                           	psect	intentry,class=CODE,delta=2
    43                           	psect	functab,class=CODE,delta=2
    44                           	global	intlevel0,intlevel1,intlevel2, intlevel3, intlevel4, intlevel5
    45  0000                     intlevel0:
    46  0000                     intlevel1:
    47  0000                     intlevel2:
    48  0000                     intlevel3:
    49  0000                     intlevel4:
    50  0000                     intlevel5:
    51                           	psect	init,class=CODE,delta=2
    52                           	psect	cinit,class=CODE,delta=2
    53                           	psect	text,class=CODE,delta=2
    54                           	psect	end_init,class=CODE,delta=2
    55                           	psect	clrtext,class=CODE,delta=2
    56  0004                     	FSR	set	4
    57                           	psect	strings,class=CODE,delta=2,reloc=256
    58                           
    59                           	psect	reset_vec
    60  0000                     reset_vec:
    61                           	; No powerup routine
    62                           	global start
    63                           
    64                           ; jump to start
    65  0000  280F               	goto	start & 0x7FF | (reset_vec & not 0x7FF)
    66                           
    67                           
    68                           
    69                           	psect	init
    70  000F                     start
    71  000F                     _exit
    72                           	psect	end_init
    73  000F  1683               	bsf	3,5
    74  0010  23FF               	fcall	___osccal_val
    75  0011  0090               movwf	0x90 ^ 0x80
    76  0012  0183               	clrf	STATUS
    77                           	global start_initialization
    78  0013  2889               	ljmp start_initialization	;jump to C runtime clear & initialization


HI-TECH Software PICC Macro Assembler V9.83 build 10920 
Symbol Table                                                                                               Wed Dec 07 17:41:31 2016

               _main 0091                 _exit 000F                 start 000F                STATUS 0003  
       ___osccal_val 03FF  start_initialization 0089             intlevel0 0000             intlevel1 0000  
           intlevel2 0000             intlevel3 0000             intlevel4 0000             intlevel5 0000  
           reset_vec 0000  
